2023-01-04 14:35:06,761 WARN U.p.u.UserTests [main] Warning accrued at 2023-01-04T14:35:06.761115400
2023-01-04 14:35:06,763 ERROR U.p.u.UserTests [main] Error accrued at 2023-01-04T14:35:06.763192200
2023-01-04 14:35:06,763 FATAL U.p.u.UserTests [main] Serious problem with car Login in accrued at 2023-01-04T14:35:06.763993400
2023-01-04 14:35:54,434 WARN U.p.u.UserTests [main] Warning accrued at 2023-01-04T14:35:54.434227200
2023-01-04 14:35:54,434 ERROR U.p.u.UserTests [main] Error accrued at 2023-01-04T14:35:54.434645200
2023-01-04 14:35:54,436 FATAL U.p.u.UserTests [main] Serious problem with car Login in accrued at 2023-01-04T14:35:54.435682400
2023-01-04 14:36:56,557 WARN U.p.u.UserTests [main] Warning accrued at 2023-01-04T14:36:56.556908700
2023-01-04 14:36:56,557 ERROR U.p.u.UserTests [main] Error accrued at 2023-01-04T14:36:56.557406600
2023-01-04 14:36:56,558 FATAL U.p.u.UserTests [main] Serious problem with car Login in accrued at 2023-01-04T14:36:56.558416100
2023-01-04 14:38:03,078 WARN U.p.u.UserTests [main] Warning accrued at 2023-01-04T14:38:03.078459600
2023-01-04 14:38:03,079 ERROR U.p.u.UserTests [main] Error accrued at 2023-01-04T14:38:03.079912400
2023-01-04 14:38:03,079 FATAL U.p.u.UserTests [main] Serious problem with car Login in accrued at 2023-01-04T14:38:03.079912400
2023-01-04 14:46:30,221 WARN U.p.u.UserTests [main] Warning accrued at 2023-01-04T14:46:30.221884900
2023-01-04 14:46:30,223 ERROR U.p.u.UserTests [main] Error accrued at 2023-01-04T14:46:30.223421500
2023-01-04 14:46:30,224 FATAL U.p.u.UserTests [main] Serious problem with car Login in accrued at 2023-01-04T14:46:30.223921700
2023-01-04 14:47:59,736 WARN U.p.u.UserTests [main] Warning accrued at 2023-01-04T14:47:59.736075300
2023-01-04 14:47:59,737 ERROR U.p.u.UserTests [main] Error accrued at 2023-01-04T14:47:59.737772200
2023-01-04 14:47:59,738 FATAL U.p.u.UserTests [main] Serious problem with car Login in accrued at 2023-01-04T14:47:59.738245100
2023-01-04 17:04:55,024 WARN U.p.u.UserTests [main] Warning accrued at 2023-01-04T17:04:55.024296400
2023-01-04 17:04:55,026 ERROR U.p.u.UserTests [main] Error accrued at 2023-01-04T17:04:55.026013700
2023-01-04 17:04:55,027 FATAL U.p.u.UserTests [main] Serious problem with car Login in accrued at 2023-01-04T17:04:55.027011300
2023-01-04 18:12:12,015 WARN U.p.u.UserTests [main] Warning accrued at 2023-01-04T18:12:12.015129700
2023-01-04 18:12:12,016 ERROR U.p.u.UserTests [main] Error accrued at 2023-01-04T18:12:12.016462800
2023-01-04 18:12:12,017 FATAL U.p.u.UserTests [main] Serious problem with car Login in accrued at 2023-01-04T18:12:12.017515400
2023-01-08 16:43:08,170 WARN a.a.EmailTests [main] Warning accrued at 2023-01-08T16:43:08.167
2023-01-08 16:43:08,173 ERROR a.a.EmailTests [main] Error accrued at 2023-01-08T16:43:08.173
2023-01-08 16:43:08,173 FATAL a.a.EmailTests [main] Serious problem with car Login in accrued at 2023-01-08T16:43:08.173
2023-01-08 16:43:58,796 WARN a.a.EmailTests [main] Warning accrued at 2023-01-08T16:43:58.791
2023-01-08 16:43:58,797 ERROR a.a.EmailTests [main] Error accrued at 2023-01-08T16:43:58.797
2023-01-08 16:43:58,797 FATAL a.a.EmailTests [main] Serious problem with car Login in accrued at 2023-01-08T16:43:58.797
2023-01-08 16:52:57,244 WARN a.a.EmailTests [main] Warning accrued at 2023-01-08T16:52:57.241
2023-01-08 16:52:57,247 ERROR a.a.EmailTests [main] Error accrued at 2023-01-08T16:52:57.247
2023-01-08 16:52:57,247 FATAL a.a.EmailTests [main] Serious problem with car Login in accrued at 2023-01-08T16:52:57.247
2023-01-08 17:08:32,538 WARN a.a.EmailTests [main] Warning accrued at 2023-01-08T17:08:32.535
2023-01-08 17:08:32,540 ERROR a.a.EmailTests [main] Error accrued at 2023-01-08T17:08:32.539
2023-01-08 17:08:32,540 FATAL a.a.EmailTests [main] Serious problem with car Login in accrued at 2023-01-08T17:08:32.540
2023-01-08 17:53:03,308 WARN a.a.EmailTests [main] Warning accrued at 2023-01-08T17:53:03.303
2023-01-08 17:53:03,310 ERROR a.a.EmailTests [main] Error accrued at 2023-01-08T17:53:03.310
2023-01-08 17:53:03,310 FATAL a.a.EmailTests [main] Serious problem with car Login in accrued at 2023-01-08T17:53:03.310
2023-01-08 17:57:20,818 WARN a.a.EmailTests [main] Warning accrued at 2023-01-08T17:57:20.814
2023-01-08 17:57:20,819 ERROR a.a.EmailTests [main] Error accrued at 2023-01-08T17:57:20.819
2023-01-08 17:57:20,820 FATAL a.a.EmailTests [main] Serious problem with car Login in accrued at 2023-01-08T17:57:20.819
2023-01-08 18:00:48,291 WARN a.a.EmailTests [main] Warning accrued at 2023-01-08T18:00:48.289
2023-01-08 18:00:48,293 ERROR a.a.EmailTests [main] Error accrued at 2023-01-08T18:00:48.292
2023-01-08 18:00:48,293 FATAL a.a.EmailTests [main] Serious problem with car Login in accrued at 2023-01-08T18:00:48.293
2023-01-10 13:03:04,529 WARN U.p.u.UserTests [main] Warning accrued at 2023-01-10T13:03:04.529329400
2023-01-10 13:03:04,531 ERROR U.p.u.UserTests [main] Error accrued at 2023-01-10T13:03:04.531170300
2023-01-10 13:03:04,531 FATAL U.p.u.UserTests [main] Serious problem with car Login in accrued at 2023-01-10T13:03:04.531847400
